<?xml version="1.0" encoding="UTF-8"?>
<!-- Generated by org.testng.reporters.JUnitXMLReporter -->
<testsuite hostname="DESKTOP-9AI1JJT" ignored="2" name="Test" tests="2" failures="0" timestamp="2022-01-21T17:00:33 IST" time="0.081" errors="0">
  <testcase name="tc3" time="0.01" classname="org.com.selenium.Test3"/>
  <testcase name="tc4" time="0.002" classname="org.com.selenium.Test3"/>
  <testcase name="tc1" time="0.0" classname="org.com.selenium.Test3">
    <ignored/>
  </testcase> <!-- tc1 -->
  <testcase name="tc2" time="0.0" classname="org.com.selenium.Test3">
    <ignored/>
  </testcase> <!-- tc2 -->
</testsuite> <!-- Test -->
